<?xml version="1.0" encoding="UTF-8"?>
<!-- Generated by org.testng.reporters.JUnitReportReporter -->
<testsuite hostname="DESKTOP-P7R3D54" name="com.bankguru.testcase.EditCustomerScript" tests="16" failures="0" timestamp="20 Apr 2019 16:45:57 GMT" time="44.655" errors="0">
  <testcase name="TC_08_clearAddress" time="2.838" classname="com.bankguru.testcase.EditCustomerScript"/>
  <testcase name="TC_03_inputCustomerIDspecialCharacter" time="1.117" classname="com.bankguru.testcase.EditCustomerScript"/>
  <testcase name="TC_09_clearAddressandpressTabAddress" time="2.555" classname="com.bankguru.testcase.EditCustomerScript"/>
  <testcase name="TC_01_pressKeyTabCustomerId" time="1.000" classname="com.bankguru.testcase.EditCustomerScript"/>
  <testcase name="TC_10_clearAddressandinputAddressspecialCharacter" time="2.316" classname="com.bankguru.testcase.EditCustomerScript"/>
  <testcase name="TC_11_clearAddressandpressKeyTabCity" time="3.575" classname="com.bankguru.testcase.EditCustomerScript"/>
  <testcase name="TC_04_inputCustomerIDCharacter" time="2.410" classname="com.bankguru.testcase.EditCustomerScript"/>
  <testcase name="TC_18_EditStatepressKeyTabaandcharacterandSPACE" time="2.683" classname="com.bankguru.testcase.EditCustomerScript"/>
  <testcase name="TC_12_inputNumberCity" time="4.698" classname="com.bankguru.testcase.EditCustomerScript"/>
  <testcase name="TC_14_editStatewithnumberandspecialcharacter" time="4.628" classname="com.bankguru.testcase.EditCustomerScript"/>
  <testcase name="TC_20_EditEmailwrongemailandspecialCharacter" time="2.783" classname="com.bankguru.testcase.EditCustomerScript"/>
  <testcase name="TC_17_EditCitypressKeyTabandSPACE" time="3.192" classname="com.bankguru.testcase.EditCustomerScript"/>
  <testcase name="TC_02_inputCustomerIDnumberandCharacter" time="1.289" classname="com.bankguru.testcase.EditCustomerScript"/>
  <testcase name="TC_16_EditPinnumbernotenoughandSpecialCharacter" time="2.580" classname="com.bankguru.testcase.EditCustomerScript"/>
  <testcase name="TC_05_inputCustomerIDvalid" time="4.222" classname="com.bankguru.testcase.EditCustomerScript"/>
  <testcase name="TC_19_EditEmailpressKeyTabaandcharacterSPACE" time="2.769" classname="com.bankguru.testcase.EditCustomerScript"/>
</testsuite> <!-- com.bankguru.testcase.EditCustomerScript -->
